#
# There is insufficient memory for the Java Runtime Environment to continue.
# Native memory allocation (malloc) failed to allocate 32744 bytes for ChunkPool::allocate
# Possible reasons:
#   The system is out of physical RAM or swap space
#   The process is running with CompressedOops enabled, and the Java Heap may be blocking the growth of the native heap
# Possible solutions:
#   Reduce memory load on the system
#   Increase physical memory or swap space
#   Check if swap backing store is full
#   Decrease Java heap size (-Xmx/-Xms)
#   Decrease number of Java threads
#   Decrease Java thread stack sizes (-Xss)
#   Set larger code cache with -XX:ReservedCodeCacheSize=
#   JVM is running with Unscaled Compressed Oops mode in which the Java heap is
#     placed in the first 4GB address space. The Java Heap base address is the
#     maximum limit for the native heap growth. Please use -XX:HeapBaseMinAddress
#     to set the Java Heap base and to place the Java Heap above 4GB virtual address.
# This output file may be truncated or incomplete.
#
#  Out of Memory Error (allocation.cpp:272), pid=11024, tid=0x00000000000026d8
#
# JRE version: Java(TM) SE Runtime Environment (8.0_202-b08) (build 1.8.0_202-b08)
# Java VM: Java HotSpot(TM) 64-Bit Server VM (25.202-b08 mixed mode windows-amd64 compressed oops)
# Failed to write core dump. Minidumps are not enabled by default on client versions of Windows
#

---------------  T H R E A D  ---------------

Current thread (0x0000000014be3000):  JavaThread "C1 CompilerThread2" daemon [_thread_in_native, id=9944, stack(0x0000000016450000,0x0000000016550000)]

Stack: [0x0000000016450000,0x0000000016550000]
[error occurred during error reporting (printing stack bounds), id 0xc0000005]

Native frames: (J=compiled Java code, j=interpreted, Vv=VM code, C=native code)


Current CompileTask:
C1:   2614 1265       3       java.lang.invoke.TypeConvertingMethodAdapter::convertType (299 bytes)


---------------  P R O C E S S  ---------------

Java Threads: ( => current thread )
  0x00000000171d0000 JavaThread "Keep-Alive-Timer" daemon [_thread_blocked, id=1648, stack(0x0000000018590000,0x0000000018690000)]
  0x0000000017200000 JavaThread "UrlChecker-2" daemon [_thread_blocked, id=7100, stack(0x0000000018390000,0x0000000018490000)]
  0x00000000171ff800 JavaThread "Driver Service Executor" daemon [_thread_blocked, id=9856, stack(0x0000000018290000,0x0000000018390000)]
  0x00000000171fe800 JavaThread "Driver Service Executor" daemon [_thread_blocked, id=10960, stack(0x0000000018190000,0x0000000018290000)]
  0x00000000171fc000 JavaThread "Exec Stream Pumper" daemon [_thread_in_native, id=2940, stack(0x0000000018090000,0x0000000018190000)]
  0x0000000017321000 JavaThread "Exec Stream Pumper" daemon [_thread_in_native, id=8976, stack(0x0000000017f90000,0x0000000018090000)]
  0x000000001731e000 JavaThread "Exec Default Executor" daemon [_thread_in_native, id=9520, stack(0x0000000017e90000,0x0000000017f90000)]
  0x0000000017154000 JavaThread "AsyncHttpClient-1-1" daemon [_thread_blocked, id=684, stack(0x0000000017990000,0x0000000017a90000)]
  0x0000000017068000 JavaThread "ForkJoinPool.commonPool-worker-1" daemon [_thread_blocked, id=4680, stack(0x0000000017690000,0x0000000017790000)]
  0x0000000016582800 JavaThread "Service Thread" daemon [_thread_blocked, id=9072, stack(0x0000000016950000,0x0000000016a50000)]
=>0x0000000014be3000 JavaThread "C1 CompilerThread2" daemon [_thread_in_native, id=9944, stack(0x0000000016450000,0x0000000016550000)]
  0x0000000014bce800 JavaThread "C2 CompilerThread1" daemon [_thread_in_native, id=11060, stack(0x0000000016350000,0x0000000016450000)]
  0x0000000014bcc000 JavaThread "C2 CompilerThread0" daemon [_thread_in_native, id=11160, stack(0x0000000016250000,0x0000000016350000)]
  0x0000000014bd6800 JavaThread "Attach Listener" daemon [_thread_blocked, id=10776, stack(0x0000000016150000,0x0000000016250000)]
  0x0000000014bd5000 JavaThread "Signal Dispatcher" daemon [_thread_blocked, id=8124, stack(0x0000000016050000,0x0000000016150000)]
  0x0000000014bba800 JavaThread "Finalizer" daemon [_thread_blocked, id=2876, stack(0x0000000015e50000,0x0000000015f50000)]
  0x0000000002a90800 JavaThread "Reference Handler" daemon [_thread_blocked, id=6660, stack(0x0000000015d50000,0x0000000015e50000)]
  0x00000000027be000 JavaThread "Forwarding newSession on session null to remote" [_thread_blocked, id=10368, stack(0x00000000028a0000,0x00000000029a0000)]

Other Threads:
  0x0000000014b98000 VMThread [stack: 0x0000000015c50000,0x0000000015d50000] [id=10684]
  0x00000000165ac000 WatcherThread [stack: 0x0000000016a50000,0x0000000016b50000] [id=2612]

VM state:at safepoint (normal execution)

VM Mutex/Monitor currently owned by a thread:  ([mutex/lock_event])
[0x00000000027bdad0] Threads_lock - owner thread: 0x0000000014b98000
[0x00000000027bd550] Heap_lock - owner thread: 0x00000000027be000

heap address: 0x00000000c9c00000, size: 868 MB, Compressed Oops mode: 32-bit
Narrow klass base: 0x0000000000000000, Narrow klass shift: 3
Compressed class space size: 1073741824 Address: 0x0000000100000000

Heap:
 PSYoungGen      total 16896K, used 11516K [0x00000000edf00000, 0x00000000ef180000, 0x0000000100000000)
  eden space 14848K, 63% used [0x00000000edf00000,0x00000000ee847240,0x00000000eed80000)
  from space 2048K, 98% used [0x00000000eef80000,0x00000000ef178030,0x00000000ef180000)
  to   space 2048K, 0% used [0x00000000eed80000,0x00000000eed80000,0x00000000eef80000)
 ParOldGen       total 38400K, used 3731K [0x00000000c9c00000, 0x00000000cc180000, 0x00000000edf00000)
  object space 38400K, 9% used [0x00000000c9c00000,0x00000000c9fa4d10,0x00000000cc180000)
 Metaspace       used 14918K, capacity 15441K, committed 15616K, reserved 1062912K
  class space    used 1880K, capacity 2048K, committed 2048K, reserved 1048576K

Card table byte_map: [0x0000000011e60000,0x0000000012020000] byte_map_base: 0x0000000011812000

Marking Bits: (ParMarkBitMap*) 0x0000000056cb5ce0
 Begin Bits: [0x0000000012550000, 0x00000000132e0000)
 End Bits:   [0x00000000132e0000, 0x0000000014070000)

Polling page: 0x0000000000b50000

CodeCache: size=245760Kb used=4297Kb max_used=4297Kb free=241462Kb
 bounds [0x0000000002aa0000, 0x0000000002ee0000, 0x0000000011aa0000]
 total_blobs=1696 nmethods=1261 adapters=348
 compilation: enabled

Compilation events (10 events):
Event: 2.574 Thread 0x0000000014be3000 nmethod 1261 0x0000000002ed28d0 code [0x0000000002ed2a20, 0x0000000002ed2b90]
Event: 2.574 Thread 0x0000000014be3000 1260       3       java.lang.invoke.DirectMethodHandle::preparedLambdaForm (31 bytes)
Event: 2.574 Thread 0x0000000014be3000 nmethod 1260 0x0000000002ed2c10 code [0x0000000002ed2da0, 0x0000000002ed3228]
Event: 2.574 Thread 0x0000000014be3000 1262       1       java.lang.invoke.InnerClassLambdaMetafactory::access$200 (5 bytes)
Event: 2.574 Thread 0x0000000014be3000 nmethod 1262 0x0000000002ed3390 code [0x0000000002ed34e0, 0x0000000002ed35d0]
Event: 2.574 Thread 0x0000000014be3000 1263       3       java.lang.invoke.InnerClassLambdaMetafactory::getLoadOpcode (25 bytes)
Event: 2.575 Thread 0x0000000014be3000 nmethod 1263 0x0000000002ed3650 code [0x0000000002ed37e0, 0x0000000002ed3a58]
Event: 2.575 Thread 0x0000000014be3000 1264       3       java.lang.invoke.InnerClassLambdaMetafactory::getParameterSize (27 bytes)
Event: 2.575 Thread 0x0000000014be3000 nmethod 1264 0x0000000002ed3b50 code [0x0000000002ed3cc0, 0x0000000002ed3ef0]
Event: 2.575 Thread 0x0000000014be3000 1265       3       java.lang.invoke.TypeConvertingMethodAdapter::convertType (299 bytes)

GC Heap History (5 events):
Event: 1.393 GC heap before
{Heap before GC invocations=1 (full 0):
 PSYoungGen      total 16896K, used 14848K [0x00000000edf00000, 0x00000000ef180000, 0x0000000100000000)
  eden space 14848K, 100% used [0x00000000edf00000,0x00000000eed80000,0x00000000eed80000)
  from space 2048K, 0% used [0x00000000eef80000,0x00000000eef80000,0x00000000ef180000)
  to   space 2048K, 0% used [0x00000000eed80000,0x00000000eed80000,0x00000000eef80000)
 ParOldGen       total 38400K, used 0K [0x00000000c9c00000, 0x00000000cc180000, 0x00000000edf00000)
  object space 38400K, 0% used [0x00000000c9c00000,0x00000000c9c00000,0x00000000cc180000)
 Metaspace       used 8896K, capacity 9126K, committed 9216K, reserved 1056768K
  class space    used 1131K, capacity 1213K, committed 1280K, reserved 1048576K
Event: 1.397 GC heap after
Heap after GC invocations=1 (full 0):
 PSYoungGen      total 16896K, used 2046K [0x00000000edf00000, 0x00000000ef180000, 0x0000000100000000)
  eden space 14848K, 0% used [0x00000000edf00000,0x00000000edf00000,0x00000000eed80000)
  from space 2048K, 99% used [0x00000000eed80000,0x00000000eef7f908,0x00000000eef80000)
  to   space 2048K, 0% used [0x00000000eef80000,0x00000000eef80000,0x00000000ef180000)
 ParOldGen       total 38400K, used 1327K [0x00000000c9c00000, 0x00000000cc180000, 0x00000000edf00000)
  object space 38400K, 3% used [0x00000000c9c00000,0x00000000c9d4bcf0,0x00000000cc180000)
 Metaspace       used 8896K, capacity 9126K, committed 9216K, reserved 1056768K
  class space    used 1131K, capacity 1213K, committed 1280K, reserved 1048576K
}
Event: 1.827 GC heap before
{Heap before GC invocations=2 (full 0):
 PSYoungGen      total 16896K, used 16894K [0x00000000edf00000, 0x00000000ef180000, 0x0000000100000000)
  eden space 14848K, 100% used [0x00000000edf00000,0x00000000eed80000,0x00000000eed80000)
  from space 2048K, 99% used [0x00000000eed80000,0x00000000eef7f908,0x00000000eef80000)
  to   space 2048K, 0% used [0x00000000eef80000,0x00000000eef80000,0x00000000ef180000)
 ParOldGen       total 38400K, used 1327K [0x00000000c9c00000, 0x00000000cc180000, 0x00000000edf00000)
  object space 38400K, 3% used [0x00000000c9c00000,0x00000000c9d4bcf0,0x00000000cc180000)
 Metaspace       used 12232K, capacity 12630K, committed 12928K, reserved 1060864K
  class space    used 1516K, capacity 1647K, committed 1664K, reserved 1048576K
Event: 1.832 GC heap after
Heap after GC invocations=2 (full 0):
 PSYoungGen      total 16896K, used 2016K [0x00000000edf00000, 0x00000000ef180000, 0x0000000100000000)
  eden space 14848K, 0% used [0x00000000edf00000,0x00000000edf00000,0x00000000eed80000)
  from space 2048K, 98% used [0x00000000eef80000,0x00000000ef178030,0x00000000ef180000)
  to   space 2048K, 0% used [0x00000000eed80000,0x00000000eed80000,0x00000000eef80000)
 ParOldGen       total 38400K, used 3731K [0x00000000c9c00000, 0x00000000cc180000, 0x00000000edf00000)
  object space 38400K, 9% used [0x00000000c9c00000,0x00000000c9fa4d10,0x00000000cc180000)
 Metaspace       used 12232K, capacity 12630K, committed 12928K, reserved 1060864K
  class space    used 1516K, capacity 1647K, committed 1664K, reserved 1048576K
}
Event: 2.588 GC heap before
{Heap before GC invocations=3 (full 0):
 PSYoungGen      total 16896K, used 11516K [0x00000000edf00000, 0x00000000ef180000, 0x0000000100000000)
  eden space 14848K, 63% used [0x00000000edf00000,0x00000000ee847240,0x00000000eed80000)
  from space 2048K, 98% used [0x00000000eef80000,0x00000000ef178030,0x00000000ef180000)
  to   space 2048K, 0% used [0x00000000eed80000,0x00000000eed80000,0x00000000eef80000)
 ParOldGen       total 38400K, used 3731K [0x00000000c9c00000, 0x00000000cc180000, 0x00000000edf00000)
  object space 38400K, 9% used [0x00000000c9c00000,0x00000000c9fa4d10,0x00000000cc180000)
 Metaspace       used 14918K, capacity 15441K, committed 15616K, reserved 1062912K
  class space    used 1880K, capacity 2048K, committed 2048K, reserved 1048576K

Deoptimization events (10 events):
Event: 1.961 Thread 0x00000000027be000 Uncommon trap: reason=class_check action=maybe_recompile pc=0x0000000002e5dac4 method=java.util.regex.Matcher.search(I)Z @ 86
Event: 1.961 Thread 0x00000000027be000 Uncommon trap: reason=class_check action=maybe_recompile pc=0x0000000002db8d68 method=java.util.regex.Pattern$Curly.match(Ljava/util/regex/Matcher;ILjava/lang/CharSequence;)Z @ 19
Event: 1.961 Thread 0x00000000027be000 Uncommon trap: reason=class_check action=maybe_recompile pc=0x0000000002e5dac4 method=java.util.regex.Matcher.search(I)Z @ 86
Event: 1.961 Thread 0x00000000027be000 Uncommon trap: reason=class_check action=maybe_recompile pc=0x0000000002e5dac4 method=java.util.regex.Matcher.search(I)Z @ 86
Event: 1.961 Thread 0x00000000027be000 Uncommon trap: reason=class_check action=maybe_recompile pc=0x0000000002e5dac4 method=java.util.regex.Matcher.search(I)Z @ 86
Event: 1.961 Thread 0x00000000027be000 Uncommon trap: reason=class_check action=maybe_recompile pc=0x0000000002db8d68 method=java.util.regex.Pattern$Curly.match(Ljava/util/regex/Matcher;ILjava/lang/CharSequence;)Z @ 19
Event: 1.973 Thread 0x00000000027be000 Uncommon trap: reason=unstable_if action=reinterpret pc=0x0000000002c40fac method=java.lang.String.replace(CC)Ljava/lang/String; @ 2
Event: 2.028 Thread 0x00000000171fe800 Uncommon trap: reason=unstable_if action=reinterpret pc=0x0000000002ebb0bc method=jdk.internal.org.objectweb.asm.Type.getArgumentsAndReturnSizes(Ljava/lang/String;)I @ 88
Event: 2.035 Thread 0x0000000017200000 Uncommon trap: reason=unstable_if action=reinterpret pc=0x0000000002d8bb5c method=java.lang.CharacterDataLatin1.digit(II)I @ 82
Event: 2.552 Thread 0x0000000017200000 Uncommon trap: reason=unstable_if action=reinterpret pc=0x0000000002d8b2d4 method=java.lang.CharacterDataLatin1.digit(II)I @ 82

Classes redefined (0 events):
No events

Internal exceptions (10 events):
Event: 1.231 Thread 0x00000000027be000 Exception <a 'java/lang/ArrayIndexOutOfBoundsException'> (0x00000000ee6bcd90) thrown at [C:\re\workspace\8-2-build-windows-amd64-cygwin\jdk8u202\12323\hotspot\src\share\vm\runtime\sharedRuntime.cpp, line 605]
Event: 1.231 Thread 0x00000000027be000 Exception <a 'java/lang/ArrayIndexOutOfBoundsException'> (0x00000000ee6c0f08) thrown at [C:\re\workspace\8-2-build-windows-amd64-cygwin\jdk8u202\12323\hotspot\src\share\vm\runtime\sharedRuntime.cpp, line 605]
Event: 1.238 Thread 0x00000000027be000 Exception <a 'java/lang/NoSuchMethodError': java.lang.Object.lambda$andThen$1(Ljava/util/function/Function;Ljava/lang/Object;)Ljava/lang/Object;> (0x00000000ee6e2e38) thrown at [C:\re\workspace\8-2-build-windows-amd64-cygwin\jdk8u202\12323\hotspot\src\sha
Event: 1.274 Thread 0x00000000027be000 Exception <a 'java/lang/ArrayIndexOutOfBoundsException'> (0x00000000ee80b008) thrown at [C:\re\workspace\8-2-build-windows-amd64-cygwin\jdk8u202\12323\hotspot\src\share\vm\runtime\sharedRuntime.cpp, line 605]
Event: 1.313 Thread 0x00000000027be000 Exception <a 'java/lang/NoSuchMethodError': java.lang.Object.lambda$create$0(Lorg/openqa/selenium/remote/http/HttpClient$Factory;)Z> (0x00000000ee9a0b10) thrown at [C:\re\workspace\8-2-build-windows-amd64-cygwin\jdk8u202\12323\hotspot\src\share\vm\interpr
Event: 1.313 Thread 0x00000000027be000 Exception <a 'java/lang/NoSuchMethodError': java.lang.Object.lambda$create$1(Ljava/lang/String;Lorg/openqa/selenium/remote/http/HttpClient$Factory;)Z> (0x00000000ee9a3b90) thrown at [C:\re\workspace\8-2-build-windows-amd64-cygwin\jdk8u202\12323\hotspot\sr
Event: 1.934 Thread 0x00000000027be000 Exception <a 'java/lang/NoSuchMethodError': java.lang.Object.lambda$andFinally$1(Lorg/openqa/selenium/remote/http/HttpHandler;Lorg/openqa/selenium/remote/http/HttpRequest;)Lorg/openqa/selenium/remote/http/HttpResponse;> (0x00000000ee474638) thrown at [C:\
Event: 1.958 Thread 0x00000000027be000 Exception <a 'java/lang/IncompatibleClassChangeError': Found class java.lang.Object, but interface was expected> (0x00000000ee5dc6f0) thrown at [C:\re\workspace\8-2-build-windows-amd64-cygwin\jdk8u202\12323\hotspot\src\share\vm\interpreter\linkResolver.cp
Event: 1.960 Thread 0x00000000027be000 Exception <a 'java/lang/NoSuchMethodError': java.lang.Object.lambda$or$2(Ljava/util/function/Predicate;Ljava/lang/Object;)Z> (0x00000000ee5e9298) thrown at [C:\re\workspace\8-2-build-windows-amd64-cygwin\jdk8u202\12323\hotspot\src\share\vm\interpreter\lin
Event: 2.536 Thread 0x0000000017200000 Exception <a 'java/net/SocketTimeoutException': connect timed out> (0x00000000ee754078) thrown at [C:\re\workspace\8-2-build-windows-amd64-cygwin\jdk8u202\12323\hotspot\src\share\vm\prims\jni.cpp, line 736]

Events (10 events):
Event: 2.573 loading class org/openqa/selenium/json/JsonOutput done
Event: 2.574 loading class org/openqa/selenium/json/JsonOutput
Event: 2.574 loading class org/openqa/selenium/json/JsonOutput done
Event: 2.574 loading class org/openqa/selenium/json/JsonOutput
Event: 2.574 loading class org/openqa/selenium/json/JsonOutput done
Event: 2.575 loading class org/openqa/selenium/json/JsonOutput
Event: 2.575 loading class org/openqa/selenium/json/JsonOutput done
Event: 2.575 loading class org/openqa/selenium/json/JsonOutput
Event: 2.575 loading class org/openqa/selenium/json/JsonOutput done
Event: 2.587 Executing VM operation: CollectForMetadataAllocation


Dynamic libraries:
0x00007ff601d30000 - 0x00007ff601d67000 	C:\Program Files\Java\jre1.8.0_202\bin\javaw.exe
0x00007ff866270000 - 0x00007ff866468000 	C:\Windows\SYSTEM32\ntdll.dll
0x00007ff864880000 - 0x00007ff86493f000 	C:\Windows\System32\KERNEL32.DLL
0x00007ff863c40000 - 0x00007ff863f1a000 	C:\Windows\System32\KERNELBASE.dll
0x00007ff865440000 - 0x00007ff8654ee000 	C:\Windows\System32\ADVAPI32.dll
0x00007ff864520000 - 0x00007ff8645be000 	C:\Windows\System32\msvcrt.dll
0x00007ff865880000 - 0x00007ff86591c000 	C:\Windows\System32\sechost.dll
0x00007ff865750000 - 0x00007ff865876000 	C:\Windows\System32\RPCRT4.dll
0x00007ff8645c0000 - 0x00007ff86475d000 	C:\Windows\System32\USER32.dll
0x00007ff864230000 - 0x00007ff864252000 	C:\Windows\System32\win32u.dll
0x00007ff8654f0000 - 0x00007ff86551b000 	C:\Windows\System32\GDI32.dll
0x00007ff863b30000 - 0x00007ff863c40000 	C:\Windows\System32\gdi32full.dll
0x00007ff863a60000 - 0x00007ff863afd000 	C:\Windows\System32\msvcp_win.dll
0x00007ff864080000 - 0x00007ff864180000 	C:\Windows\System32\ucrtbase.dll
0x00007ff84b7f0000 - 0x00007ff84ba8a000 	C:\Windows\WinSxS\amd64_microsoft.windows.common-controls_6595b64144ccf1df_6.0.19041.1110_none_60b5254171f9507e\COMCTL32.dll
0x00007ff864330000 - 0x00007ff864360000 	C:\Windows\System32\IMM32.DLL
0x00000000563b0000 - 0x0000000056482000 	C:\Program Files\Java\jre1.8.0_202\bin\msvcr100.dll
0x0000000056490000 - 0x0000000056d35000 	C:\Program Files\Java\jre1.8.0_202\bin\server\jvm.dll
0x00007ff864510000 - 0x00007ff864518000 	C:\Windows\System32\PSAPI.DLL
0x00007ff859020000 - 0x00007ff859047000 	C:\Windows\SYSTEM32\WINMM.dll
0x00007ff859f00000 - 0x00007ff859f0a000 	C:\Windows\SYSTEM32\VERSION.dll
0x00007ff860a10000 - 0x00007ff860a19000 	C:\Windows\SYSTEM32\WSOCK32.dll
0x00007ff864810000 - 0x00007ff86487b000 	C:\Windows\System32\WS2_32.dll
0x00007ff860a00000 - 0x00007ff860a0f000 	C:\Program Files\Java\jre1.8.0_202\bin\verify.dll
0x00007ff8540c0000 - 0x00007ff8540e9000 	C:\Program Files\Java\jre1.8.0_202\bin\java.dll
0x00007ff85dba0000 - 0x00007ff85dbb6000 	C:\Program Files\Java\jre1.8.0_202\bin\zip.dll
0x00007ff865a60000 - 0x00007ff8661a4000 	C:\Windows\System32\SHELL32.dll
0x00007ff861a40000 - 0x00007ff8621d3000 	C:\Windows\SYSTEM32\windows.storage.dll
0x00007ff865020000 - 0x00007ff865374000 	C:\Windows\System32\combase.dll
0x00007ff863370000 - 0x00007ff86339e000 	C:\Windows\SYSTEM32\Wldp.dll
0x00007ff864760000 - 0x00007ff86480d000 	C:\Windows\System32\SHCORE.dll
0x00007ff8661b0000 - 0x00007ff866205000 	C:\Windows\System32\shlwapi.dll
0x00007ff8638c0000 - 0x00007ff8638df000 	C:\Windows\SYSTEM32\profapi.dll
0x00007ff856900000 - 0x00007ff85691a000 	C:\Program Files\Java\jre1.8.0_202\bin\net.dll
0x00007ff850900000 - 0x00007ff850aec000 	C:\Windows\SYSTEM32\urlmon.dll
0x00007ff850c30000 - 0x00007ff850ee1000 	C:\Windows\SYSTEM32\iertutil.dll
0x00007ff862ed0000 - 0x00007ff862edc000 	C:\Windows\SYSTEM32\netutils.dll
0x00007ff8508d0000 - 0x00007ff8508f8000 	C:\Windows\SYSTEM32\srvcli.dll
0x00007ff8630c0000 - 0x00007ff86312a000 	C:\Windows\system32\mswsock.dll
0x00007ff862e00000 - 0x00007ff862ecb000 	C:\Windows\SYSTEM32\DNSAPI.dll
0x00007ff862dc0000 - 0x00007ff862dfc000 	C:\Windows\SYSTEM32\IPHLPAPI.DLL
0x00007ff865920000 - 0x00007ff865928000 	C:\Windows\System32\NSI.dll
0x00007ff853030000 - 0x00007ff85303a000 	C:\Windows\System32\rasadhlp.dll
0x00007ff8539a0000 - 0x00007ff853a20000 	C:\Windows\System32\fwpuclnt.dll
0x00007ff863b00000 - 0x00007ff863b27000 	C:\Windows\System32\bcrypt.dll
0x00007ff8632b0000 - 0x00007ff8632c8000 	C:\Windows\SYSTEM32\CRYPTSP.dll
0x00007ff862980000 - 0x00007ff8629b4000 	C:\Windows\system32\rsaenh.dll
0x00007ff863840000 - 0x00007ff86386e000 	C:\Windows\SYSTEM32\USERENV.dll
0x00007ff863980000 - 0x00007ff863a02000 	C:\Windows\System32\bcryptprimitives.dll
0x00007ff8632d0000 - 0x00007ff8632dc000 	C:\Windows\SYSTEM32\CRYPTBASE.dll
0x00007ff8565a0000 - 0x00007ff8565b7000 	C:\Windows\SYSTEM32\dhcpcsvc6.DLL
0x00007ff856670000 - 0x00007ff85668d000 	C:\Windows\SYSTEM32\dhcpcsvc.DLL
0x00007ff854680000 - 0x00007ff854692000 	C:\Program Files\Java\jre1.8.0_202\bin\nio.dll
0x00007ff861270000 - 0x00007ff861300000 	C:\Windows\system32\apphelp.dll
0x00007ff853fc0000 - 0x00007ff853fe4000 	C:\Program Files\Java\jre1.8.0_202\bin\sunec.dll
0x00007ff85f730000 - 0x00007ff85f73b000 	C:\Program Files\Java\jre1.8.0_202\bin\sunmscapi.dll
0x00007ff863f20000 - 0x00007ff864076000 	C:\Windows\System32\CRYPT32.dll

VM Arguments:
jvm_args: -Dfile.encoding=Cp1252 
java_command: org.launch.AutoTest
java_class_path (initial): C:\Program Files\Java\jre1.8.0_202\lib\resources.jar;C:\Program Files\Java\jre1.8.0_202\lib\rt.jar;C:\Program Files\Java\jre1.8.0_202\lib\jsse.jar;C:\Program Files\Java\jre1.8.0_202\lib\jce.jar;C:\Program Files\Java\jre1.8.0_202\lib\charsets.jar;C:\Program Files\Java\jre1.8.0_202\lib\jfr.jar;C:\Program Files\Java\jre1.8.0_202\lib\ext\access-bridge-64.jar;C:\Program Files\Java\jre1.8.0_202\lib\ext\cldrdata.jar;C:\Program Files\Java\jre1.8.0_202\lib\ext\dnsns.jar;C:\Program Files\Java\jre1.8.0_202\lib\ext\jaccess.jar;C:\Program Files\Java\jre1.8.0_202\lib\ext\jfxrt.jar;C:\Program Files\Java\jre1.8.0_202\lib\ext\localedata.jar;C:\Program Files\Java\jre1.8.0_202\lib\ext\nashorn.jar;C:\Program Files\Java\jre1.8.0_202\lib\ext\sunec.jar;C:\Program Files\Java\jre1.8.0_202\lib\ext\sunjce_provider.jar;C:\Program Files\Java\jre1.8.0_202\lib\ext\sunmscapi.jar;C:\Program Files\Java\jre1.8.0_202\lib\ext\sunpkcs11.jar;C:\Program Files\Java\jre1.8.0_202\lib\ext\zipfs.jar;C:\Users\Karthikraja\eclipse-workspace\SeliniumBrowserLaunch\bin;C:\Users\Karthikraja\eclipse-workspace\SeliniumBrowserLaunch\lib\selenium-server-4.8.3.jar;C:\Users\Karthikraja\eclipse-workspace\SeliniumBrowserLaunch\lib\commons-io-2.4.jar
Launcher Type: SUN_STANDARD

Environment Variables:
PATH=C:/Program Files/Java/jre1.8.0_202/bin/server;C:/Program Files/Java/jre1.8.0_202/bin;C:/Program Files/Java/jre1.8.0_202/lib/amd64;C:\Program Files (x86)\Common Files\Oracle\Java\javapath;C:\Windows\system32;C:\Windows;C:\Windows\System32\Wbem;C:\Windows\System32\WindowsPowerShell\v1.0\;C:\Windows\System32\OpenSSH\;C:\Program Files\Java\jdk1.8.0_202\bin;C:\Users\Karthikraja\AppData\Local\Microsoft\WindowsApps;;C:\Users\Karthikraja\AppData\Local\Programs\Microsoft VS Code\bin;C:\Users\Karthikraja\Downloads\eclipse-committers-oxygen-3a-win32-x86_64\eclipse;
USERNAME=Karthikraja
OS=Windows_NT
PROCESSOR_IDENTIFIER=AMD64 Family 23 Model 24 Stepping 1, AuthenticAMD



---------------  S Y S T E M  ---------------

OS: Windows 10.0 , 64 bit Build 19041 (10.0.19041.2788)

CPU:total 4 (initial active 4) (4 cores per cpu, 1 threads per core) family 23 model 24 stepping 1, cmov, cx8, fxsr, mmx, sse, sse2, sse3, ssse3, sse4.1, sse4.2, popcnt, avx, avx2, aes, clmul, mmxext, 3dnowpref, lzcnt, sse4a, tsc, tscinvbit, tscinv, bmi1

Memory: 4k page, physical 3553548k(582780k free), swap 5650700k(4092k free)

vm_info: Java HotSpot(TM) 64-Bit Server VM (25.202-b08) for windows-amd64 JRE (1.8.0_202-b08), built on Dec 15 2018 19:54:30 by "java_re" with MS VC++ 10.0 (VS2010)

time: Mon May 01 02:59:34 2023
timezone: India Standard Time
elapsed time: 2 seconds (0d 0h 0m 2s)

